[
 {
  "Error": {
   "Message": "ERRORED! Got Exception (if any): ERROR: Bot #0: Received invalid character '    if planet[0].owner.id != game_map.get_me().idi'. (at character 5.)\nInput received from bot:\n    if planet[0].owner.id != game_map.get_me().id\n    ^; Response received (if any):     if planet[0].owner.id != game_map.get_me().id                                                ^SyntaxError: invalid syntax",
   "Turn": 1
  },
  "Frames": [
   {
    "Time": 71,
    "Turn": 0
   },
   {
    "Time": 0
   }
  ],
  "PlayerID": 0,
  "PlayerName": "  File \"MyBotv2.py\", line 56"
 },
 {
  "Error": {},
  "Frames": [
   {
    "Time": 17,
    "Turn": 0
   },
   {
    "Commands": [
     {
      "angle": 281,
      "magnitude": 3,
      "owner": 1,
      "queue_number": 0,
      "shipId": 5,
      "type": "thrust"
     },
     {
      "angle": 283,
      "magnitude": 3,
      "owner": 1,
      "queue_number": 0,
      "shipId": 4,
      "type": "thrust"
     },
     {
      "angle": 282,
      "magnitude": 3,
      "owner": 1,
      "queue_number": 0,
      "shipId": 3,
      "type": "thrust"
     }
    ],
    "Planets": null,
    "Ships": [
     {
      "cooldown": 0,
      "docking": {
       "status": "undocked"
      },
      "health": 255,
      "id": 5,
      "owner": 1,
      "vel_x": 0.0,
      "vel_y": 0.0,
      "x": 120.57242698612963,
      "y": 120.055118449657
     },
     {
      "cooldown": 0,
      "docking": {
       "status": "undocked"
      },
      "health": 255,
      "id": 4,
      "owner": 1,
      "vel_x": 0.0,
      "vel_y": 0.0,
      "x": 120.6748531630316,
      "y": 114.0768898056443
     },
     {
      "cooldown": 0,
      "docking": {
       "status": "undocked"
      },
      "health": 255,
      "id": 3,
      "owner": 1,
      "vel_x": 0.0,
      "vel_y": 0.0,
      "x": 120.62373507245327,
      "y": 117.06555719779858
     }
    ],
    "Time": 0,
    "Turn": 1
   }
  ],
  "PlayerID": 1,
  "PlayerName": "Settler"
 }
]
